<?xml version="1.0" encoding="UTF-8"?>
<!-- Generated by org.testng.reporters.JUnitReportReporter -->
<testsuite skipped="0" hostname="DESKTOP-0CV2FCB" name="com.Ty.RMG.demomaven.CreateProjectTest" tests="1" failures="0" timestamp="2021-08-04T02:11:34 IST" time="0.018" errors="0">
  <testcase name="createProjectTest" time="0.018" classname="com.Ty.RMG.demomaven.CreateProjectTest"/>
  <system-out/>
</testsuite> <!-- com.Ty.RMG.demomaven.CreateProjectTest -->
